2018-10-17 11:10:10,376 INFO o.a.j.u.JMeterUtils: Setting Locale to en_EN
2018-10-17 11:10:10,431 INFO o.a.j.JMeter: Loading user properties from: /usr/local/Cellar/jmeter/4.0/libexec/bin/user.properties
2018-10-17 11:10:10,432 INFO o.a.j.JMeter: Loading system properties from: /usr/local/Cellar/jmeter/4.0/libexec/bin/system.properties
2018-10-17 11:10:10,445 INFO o.a.j.JMeter: Copyright (c) 1998-2018 The Apache Software Foundation
2018-10-17 11:10:10,446 INFO o.a.j.JMeter: Version 4.0 r1823414
2018-10-17 11:10:10,446 INFO o.a.j.JMeter: java.version=10.0.2
2018-10-17 11:10:10,446 INFO o.a.j.JMeter: java.vm.name=Java HotSpot(TM) 64-Bit Server VM
2018-10-17 11:10:10,446 INFO o.a.j.JMeter: os.name=Mac OS X
2018-10-17 11:10:10,446 INFO o.a.j.JMeter: os.arch=x86_64
2018-10-17 11:10:10,447 INFO o.a.j.JMeter: os.version=10.13.5
2018-10-17 11:10:10,447 INFO o.a.j.JMeter: file.encoding=UTF-8
2018-10-17 11:10:10,447 INFO o.a.j.JMeter: Max memory     =1073741824
2018-10-17 11:10:10,447 INFO o.a.j.JMeter: Available Processors =4
2018-10-17 11:10:10,464 INFO o.a.j.JMeter: Default Locale=English (EN)
2018-10-17 11:10:10,465 INFO o.a.j.JMeter: JMeter  Locale=English (EN)
2018-10-17 11:10:10,465 INFO o.a.j.JMeter: JMeterHome=/usr/local/Cellar/jmeter/4.0/libexec
2018-10-17 11:10:10,466 INFO o.a.j.JMeter: user.dir  =/Users/xuwei/work/phalcon-plus
2018-10-17 11:10:10,467 INFO o.a.j.JMeter: PWD       =/Users/xuwei/work/phalcon-plus
2018-10-17 11:10:40,471 INFO o.a.j.JMeter: IP: 192.168.1.116 Name: xuweideMacBook-Pro.local FullName: 192.168.1.116
2018-10-17 11:10:45,297 INFO o.a.j.g.a.LookAndFeelCommand: Installing Darcula LAF
2018-10-17 11:10:45,312 INFO o.a.j.g.a.LookAndFeelCommand: Using look and feel: com.bulenkov.darcula.DarculaLaf [Darcula]
2018-10-17 11:10:45,312 INFO o.a.j.JMeter: Setting LAF to: com.bulenkov.darcula.DarculaLaf
2018-10-17 11:10:45,544 INFO o.a.j.JMeter: Loaded icon properties from org/apache/jmeter/images/icon.properties
2018-10-17 11:10:46,450 INFO o.a.j.e.u.CompoundVariable: Note: Function class names must contain the string: '.functions.'
2018-10-17 11:10:46,451 INFO o.a.j.e.u.CompoundVariable: Note: Function class names must not contain the string: '.gui.'
2018-10-17 11:10:50,908 INFO o.a.j.p.h.s.HTTPSamplerBase: Parser for text/html is org.apache.jmeter.protocol.http.parser.LagartoBasedHtmlParser
2018-10-17 11:10:50,909 INFO o.a.j.p.h.s.HTTPSamplerBase: Parser for application/xhtml+xml is org.apache.jmeter.protocol.http.parser.LagartoBasedHtmlParser
2018-10-17 11:10:50,909 INFO o.a.j.p.h.s.HTTPSamplerBase: Parser for application/xml is org.apache.jmeter.protocol.http.parser.LagartoBasedHtmlParser
2018-10-17 11:10:50,909 INFO o.a.j.p.h.s.HTTPSamplerBase: Parser for text/xml is org.apache.jmeter.protocol.http.parser.LagartoBasedHtmlParser
2018-10-17 11:10:50,910 INFO o.a.j.p.h.s.HTTPSamplerBase: Parser for text/vnd.wap.wml is org.apache.jmeter.protocol.http.parser.RegexpHTMLParser
2018-10-17 11:10:50,910 INFO o.a.j.p.h.s.HTTPSamplerBase: Parser for text/css is org.apache.jmeter.protocol.http.parser.CssParser
2018-10-17 11:10:51,811 INFO o.a.j.e.KeyToolUtils: keytool found at 'keytool'
2018-10-17 11:10:51,812 INFO o.a.j.p.h.p.ProxyControl: HTTP(S) Test Script Recorder SSL Proxy will use keys that support embedded 3rd party resources in file /usr/local/Cellar/jmeter/4.0/libexec/bin/proxyserver.jks
2018-10-17 11:10:52,081 INFO o.a.j.s.FileServer: Default base='/Users/xuwei/work/phalcon-plus'
2018-10-17 11:10:52,878 INFO o.a.j.s.SampleResult: Note: Sample TimeStamps are START times
2018-10-17 11:10:52,879 INFO o.a.j.s.SampleResult: sampleresult.default.encoding is set to ISO-8859-1
2018-10-17 11:10:52,879 INFO o.a.j.s.SampleResult: sampleresult.useNanoTime=true
2018-10-17 11:10:52,879 INFO o.a.j.s.SampleResult: sampleresult.nanoThreadSleep=5000
